<?xml version="1.0" encoding="UTF-8"?>
<!-- Generated by org.testng.reporters.JUnitReportReporter -->
<testsuite skipped="0" hostname="HaDos-MacBook-Pro.local" name="features.testng.TestNgSuite2" tests="5" failures="0" timestamp="27 May 2018 04:28:11 GMT" time="0.020" errors="0">
  <testcase name="TC01" time="0.003" classname="features.testng.TestNgSuite2"/>
  <testcase name="TC04" time="0.006" classname="features.testng.TestNgSuite2"/>
  <testcase name="TC05" time="0.005" classname="features.testng.TestNgSuite2"/>
  <testcase name="TC02" time="0.003" classname="features.testng.TestNgSuite2"/>
  <testcase name="TC03" time="0.003" classname="features.testng.TestNgSuite2"/>
</testsuite> <!-- features.testng.TestNgSuite2 -->
